     0  0.000000E+00  0.000000E+00
   100  0.731308E+02  0.476082E+02
   200  0.812866E+02  0.597434E+02
   300  0.996545E+02  0.644367E+02
   400  0.938773E+02  0.648237E+02
   500  0.929398E+02  0.642252E+02
   600  0.953844E+02  0.680629E+02
   700  0.985331E+02  0.670257E+02
   800  0.948311E+02  0.756990E+02
   900  0.992624E+02  0.616570E+02
  1000  0.972526E+02  0.659470E+02
  1100  0.103272E+03  0.632657E+02
  1200  0.874896E+02  0.664477E+02
  1300  0.912915E+02  0.662618E+02
  1400  0.936905E+02  0.629657E+02
  1500  0.830492E+02  0.536550E+02
  1600  0.919014E+02  0.548234E+02
  1700  0.919418E+02  0.593600E+02
  1800  0.907851E+02  0.598757E+02
  1900  0.105621E+03  0.432657E+02
  2000  0.907613E+02  0.574637E+02
  2100  0.954472E+02  0.562567E+02
  2200  0.868422E+02  0.636666E+02
  2300  0.958820E+02  0.557327E+02
  2400  0.886392E+02  0.553247E+02
  2500  0.909798E+02  0.582691E+02
  2600  0.960126E+02  0.624229E+02
  2700  0.824832E+02  0.662778E+02
  2800  0.670246E+02  0.635047E+02
  2900  0.836547E+02  0.534316E+02
  3000  0.793690E+02  0.503361E+02
  3100  0.844151E+02  0.518099E+02
  3200  0.908373E+02  0.646000E+02
  3300  0.105480E+03  0.560972E+02
  3400  0.935189E+02  0.640644E+02
  3500  0.979902E+02  0.563182E+02
  3600  0.928944E+02  0.667487E+02
  3700  0.872788E+02  0.613882E+02
  3800  0.849652E+02  0.642717E+02
  3900  0.937486E+02  0.565689E+02
  4000  0.989127E+02  0.604804E+02
  4100  0.869559E+02  0.636791E+02
  4200  0.942143E+02  0.584307E+02
  4300  0.984964E+02  0.635019E+02
  4400  0.933204E+02  0.635025E+02
  4500  0.906160E+02  0.625341E+02
  4600  0.942100E+02  0.614342E+02
  4700  0.892197E+02  0.662056E+02
  4800  0.906920E+02  0.580212E+02
  4900  0.741278E+02  0.561037E+02
  5000  0.974672E+02  0.710226E+02
  5100  0.916243E+02  0.628880E+02
  5200  0.978837E+02  0.612109E+02
  5300  0.835925E+02  0.688840E+02
  5400  0.926598E+02  0.566189E+02
  5500  0.886751E+02  0.647858E+02
  5600  0.930954E+02  0.592514E+02
  5700  0.871780E+02  0.650129E+02
  5800  0.972011E+02  0.641038E+02
  5900  0.955851E+02  0.547048E+02
  6000  0.994775E+02  0.614480E+02
  6100  0.874819E+02  0.619079E+02
  6200  0.900744E+02  0.576477E+02
  6300  0.743719E+02  0.592025E+02
  6400  0.874185E+02  0.569387E+02
  6500  0.858530E+02  0.615292E+02
  6600  0.963755E+02  0.540443E+02
  6700  0.927967E+02  0.635981E+02
  6800  0.877558E+02  0.560699E+02
  6900  0.908771E+02  0.628219E+02
  7000  0.861767E+02  0.676520E+02
  7100  0.982551E+02  0.630186E+02
  7200  0.998471E+02  0.620783E+02
  7300  0.886439E+02  0.547181E+02
  7400  0.845964E+02  0.675207E+02
  7500  0.951355E+02  0.649774E+02
  7600  0.967386E+02  0.516157E+02
  7700  0.774636E+02  0.610478E+02
  7800  0.918740E+02  0.654012E+02
  7900  0.103208E+03  0.610012E+02
  8000  0.963175E+02  0.723055E+02
  8100  0.946645E+02  0.648081E+02
  8200  0.894308E+02  0.618788E+02
  8300  0.865113E+02  0.575205E+02
  8400  0.965746E+02  0.681333E+02
  8500  0.804622E+02  0.745044E+02
  8600  0.911141E+02  0.600219E+02
  8700  0.741126E+02  0.639964E+02
  8800  0.939803E+02  0.706981E+02
  8900  0.992511E+02  0.632178E+02
  9000  0.117869E+03  0.680221E+02
  9100  0.968766E+02  0.697450E+02
  9200  0.938297E+02  0.579019E+02
  9300  0.929146E+02  0.632328E+02
  9400  0.872050E+02  0.705935E+02
  9500  0.985776E+02  0.657460E+02
  9600  0.886934E+02  0.631684E+02
  9700  0.940179E+02  0.793048E+02
  9800  0.872033E+02  0.710403E+02
  9900  0.856919E+02  0.668112E+02
 10000  0.896172E+02  0.550021E+02
 10100  0.947218E+02  0.600187E+02
 10200  0.900372E+02  0.668009E+02
 10300  0.100173E+03  0.605107E+02
 10400  0.896775E+02  0.748537E+02
 10500  0.898160E+02  0.671291E+02
 10600  0.889031E+02  0.580843E+02
 10700  0.941349E+02  0.522224E+02
 10800  0.846183E+02  0.698609E+02
 10900  0.986065E+02  0.621691E+02
 11000  0.906271E+02  0.663798E+02
 11100  0.104022E+03  0.692673E+02
 11200  0.843753E+02  0.660235E+02
 11300  0.933213E+02  0.541035E+02
 11400  0.985897E+02  0.588110E+02
 11500  0.802226E+02  0.595240E+02
 11600  0.802613E+02  0.544658E+02
 11700  0.882407E+02  0.664360E+02
 11800  0.910037E+02  0.542757E+02
 11900  0.901134E+02  0.619529E+02
 12000  0.903477E+02  0.658420E+02
 12100  0.989336E+02  0.621498E+02
 12200  0.872411E+02  0.692980E+02
 12300  0.842018E+02  0.627899E+02
 12400  0.862249E+02  0.658176E+02
 12500  0.901332E+02  0.614532E+02
 12600  0.894568E+02  0.700075E+02
 12700  0.111745E+03  0.557451E+02
 12800  0.939708E+02  0.611239E+02
 12900  0.875062E+02  0.563962E+02
 13000  0.939014E+02  0.460088E+02
 13100  0.990563E+02  0.471727E+02
 13200  0.881090E+02  0.597279E+02
 13300  0.988210E+02  0.616665E+02
 13400  0.870290E+02  0.684113E+02
 13500  0.954843E+02  0.706815E+02
 13600  0.964810E+02  0.722986E+02
 13700  0.962535E+02  0.679933E+02
 13800  0.907099E+02  0.634315E+02
 13900  0.995357E+02  0.624216E+02
 14000  0.947855E+02  0.671664E+02
 14100  0.985440E+02  0.681251E+02
 14200  0.973135E+02  0.622968E+02
 14300  0.100125E+03  0.617509E+02
 14400  0.969968E+02  0.706607E+02
 14500  0.950702E+02  0.529911E+02
 14600  0.962987E+02  0.606143E+02
 14700  0.861853E+02  0.626470E+02
 14800  0.995701E+02  0.572357E+02
 14900  0.914861E+02  0.599416E+02
 15000  0.890776E+02  0.541999E+02
 15100  0.793559E+02  0.577981E+02
 15200  0.814154E+02  0.639792E+02
 15300  0.936976E+02  0.587453E+02
 15400  0.863365E+02  0.608645E+02
 15500  0.103376E+03  0.573629E+02
 15600  0.878800E+02  0.488759E+02
 15700  0.800829E+02  0.695027E+02
 15800  0.968555E+02  0.619112E+02
 15900  0.780180E+02  0.659103E+02
 16000  0.820392E+02  0.667580E+02
 16100  0.995883E+02  0.650647E+02
 16200  0.913789E+02  0.539637E+02
 16300  0.922341E+02  0.615756E+02
 16400  0.900413E+02  0.627656E+02
 16500  0.798756E+02  0.646064E+02
 16600  0.999580E+02  0.544988E+02
 16700  0.852295E+02  0.566977E+02
 16800  0.992679E+02  0.598660E+02
 16900  0.978032E+02  0.677491E+02
 17000  0.944470E+02  0.608479E+02
 17100  0.987297E+02  0.611855E+02
 17200  0.990461E+02  0.595453E+02
 17300  0.105498E+03  0.679138E+02
 17400  0.101892E+03  0.596940E+02
 17500  0.876085E+02  0.631601E+02
 17600  0.749114E+02  0.621678E+02
 17700  0.844384E+02  0.517778E+02
 17800  0.857320E+02  0.582242E+02
 17900  0.104203E+03  0.611034E+02
 18000  0.861317E+02  0.563602E+02
 18100  0.915090E+02  0.629021E+02
 18200  0.887494E+02  0.571506E+02
 18300  0.951779E+02  0.662982E+02
 18400  0.934331E+02  0.651850E+02
 18500  0.103110E+03  0.747556E+02
 18600  0.950158E+02  0.636844E+02
 18700  0.902088E+02  0.660044E+02
 18800  0.935743E+02  0.556818E+02
 18900  0.836213E+02  0.729422E+02
 19000  0.903998E+02  0.505685E+02
 19100  0.868569E+02  0.605221E+02
 19200  0.913542E+02  0.622486E+02
 19300  0.100874E+03  0.469242E+02
 19400  0.901355E+02  0.587874E+02
 19500  0.919082E+02  0.646995E+02
 19600  0.103655E+03  0.564651E+02
 19700  0.886793E+02  0.623006E+02
 19800  0.893271E+02  0.580278E+02
 19900  0.900574E+02  0.647521E+02
 20000  0.872232E+02  0.636231E+02
 20100  0.990333E+02  0.577671E+02
 20200  0.868118E+02  0.582491E+02
 20300  0.815041E+02  0.555363E+02
 20400  0.855946E+02  0.572778E+02
 20500  0.808994E+02  0.636704E+02
 20600  0.887581E+02  0.523202E+02
 20700  0.953641E+02  0.598443E+02
 20800  0.830727E+02  0.560333E+02
 20900  0.905561E+02  0.570631E+02
 21000  0.983071E+02  0.566447E+02
 21100  0.836798E+02  0.610409E+02
 21200  0.829504E+02  0.599211E+02
 21300  0.748918E+02  0.562997E+02
 21400  0.981163E+02  0.612191E+02
 21500  0.114424E+03  0.600244E+02
 21600  0.104123E+03  0.607723E+02
 21700  0.106496E+03  0.710397E+02
 21800  0.927084E+02  0.647554E+02
 21900  0.899823E+02  0.529343E+02
 22000  0.899444E+02  0.585342E+02
 22100  0.844054E+02  0.581974E+02
 22200  0.909912E+02  0.572311E+02
 22300  0.902093E+02  0.632664E+02
 22400  0.855417E+02  0.594530E+02
 22500  0.101167E+03  0.672608E+02
 22600  0.930552E+02  0.629012E+02
 22700  0.938650E+02  0.656873E+02
 22800  0.963551E+02  0.572907E+02
 22900  0.889770E+02  0.597752E+02
 23000  0.837471E+02  0.572126E+02
 23100  0.102591E+03  0.530168E+02
 23200  0.756677E+02  0.697212E+02
 23300  0.831435E+02  0.552339E+02
 23400  0.987758E+02  0.666460E+02
 23500  0.947760E+02  0.557619E+02
 23600  0.903376E+02  0.630568E+02
 23700  0.866729E+02  0.613050E+02
 23800  0.927411E+02  0.700593E+02
 23900  0.973718E+02  0.617312E+02
 24000  0.981579E+02  0.695425E+02
 24100  0.117078E+03  0.598074E+02
 24200  0.104597E+03  0.619286E+02
 24300  0.111270E+03  0.577002E+02
 24400  0.929759E+02  0.585280E+02
 24500  0.909528E+02  0.540539E+02
 24600  0.895967E+02  0.595068E+02
 24700  0.856451E+02  0.602470E+02
 24800  0.891399E+02  0.666959E+02
 24900  0.991079E+02  0.590468E+02
 25000  0.818434E+02  0.599476E+02
 25100  0.945386E+02  0.561708E+02
 25200  0.868562E+02  0.608613E+02
 25300  0.106659E+03  0.636653E+02
 25400  0.101799E+03  0.612402E+02
 25500  0.904870E+02  0.594024E+02
 25600  0.877905E+02  0.666564E+02
 25700  0.924083E+02  0.641823E+02
 25800  0.800301E+02  0.576319E+02
 25900  0.862975E+02  0.585960E+02
 26000  0.101397E+03  0.715567E+02
 26100  0.895259E+02  0.771676E+02
 26200  0.888195E+02  0.624427E+02
 26300  0.872693E+02  0.561850E+02
 26400  0.854573E+02  0.521577E+02
 26500  0.860642E+02  0.494526E+02
 26600  0.909315E+02  0.613804E+02
 26700  0.101496E+03  0.746393E+02
 26800  0.949716E+02  0.677970E+02
 26900  0.100962E+03  0.633500E+02
 27000  0.911718E+02  0.588952E+02
 27100  0.857292E+02  0.663550E+02
 27200  0.967837E+02  0.677468E+02
 27300  0.936508E+02  0.580989E+02
 27400  0.931113E+02  0.507053E+02
 27500  0.902717E+02  0.536294E+02
 27600  0.851889E+02  0.571367E+02
 27700  0.876293E+02  0.630650E+02
 27800  0.885234E+02  0.695962E+02
 27900  0.998832E+02  0.664151E+02
 28000  0.908166E+02  0.639285E+02
 28100  0.960808E+02  0.645070E+02
 28200  0.841188E+02  0.651767E+02
 28300  0.100767E+03  0.594677E+02
 28400  0.973122E+02  0.573781E+02
 28500  0.965934E+02  0.611627E+02
 28600  0.876569E+02  0.556718E+02
 28700  0.886880E+02  0.626847E+02
 28800  0.857447E+02  0.599305E+02
 28900  0.928401E+02  0.610892E+02
 29000  0.932289E+02  0.567373E+02
 29100  0.955037E+02  0.572617E+02
 29200  0.871317E+02  0.658225E+02
 29300  0.104082E+03  0.544592E+02
 29400  0.804168E+02  0.677216E+02
 29500  0.898162E+02  0.654799E+02
 29600  0.115049E+03  0.483742E+02
 29700  0.956364E+02  0.606810E+02
 29800  0.102851E+03  0.547566E+02
 29900  0.101302E+03  0.592208E+02
 30000  0.885637E+02  0.607190E+02
 30100  0.956667E+02  0.625202E+02
 30200  0.878593E+02  0.586100E+02
 30300  0.102908E+03  0.507261E+02
 30400  0.919649E+02  0.541708E+02
 30500  0.871711E+02  0.544535E+02
 30600  0.103242E+03  0.592684E+02
 30700  0.946433E+02  0.595316E+02
 30800  0.939122E+02  0.682384E+02
 30900  0.106840E+03  0.604403E+02
 31000  0.936535E+02  0.588346E+02
 31100  0.883290E+02  0.616804E+02
 31200  0.952571E+02  0.514836E+02
 31300  0.843944E+02  0.698242E+02
 31400  0.868031E+02  0.728593E+02
 31500  0.888655E+02  0.638746E+02
 31600  0.934172E+02  0.553817E+02
 31700  0.920169E+02  0.565915E+02
 31800  0.958281E+02  0.740136E+02
 31900  0.885630E+02  0.696076E+02
 32000  0.862087E+02  0.648702E+02
 32100  0.809152E+02  0.723410E+02
 32200  0.909656E+02  0.598668E+02
 32300  0.830139E+02  0.710104E+02
 32400  0.966562E+02  0.556647E+02
 32500  0.912191E+02  0.604812E+02
 32600  0.875196E+02  0.780600E+02
 32700  0.101062E+03  0.627574E+02
 32800  0.862187E+02  0.698566E+02
 32900  0.847095E+02  0.567550E+02
 33000  0.879655E+02  0.738634E+02
 33100  0.878204E+02  0.620837E+02
 33200  0.846215E+02  0.705048E+02
 33300  0.901988E+02  0.589446E+02
 33400  0.906379E+02  0.581485E+02
 33500  0.875731E+02  0.583246E+02
 33600  0.912845E+02  0.677618E+02
 33700  0.857342E+02  0.635675E+02
 33800  0.876675E+02  0.576967E+02
 33900  0.948432E+02  0.520521E+02
 34000  0.963979E+02  0.635230E+02
 34100  0.961827E+02  0.567001E+02
 34200  0.965076E+02  0.629237E+02
 34300  0.847727E+02  0.645346E+02
 34400  0.895460E+02  0.758180E+02
 34500  0.106425E+03  0.628060E+02
 34600  0.874446E+02  0.724286E+02
 34700  0.862313E+02  0.648521E+02
 34800  0.871422E+02  0.608359E+02
 34900  0.942916E+02  0.587821E+02
 35000  0.849908E+02  0.638096E+02
 35100  0.782926E+02  0.559617E+02
 35200  0.105176E+03  0.662758E+02
 35300  0.953241E+02  0.676945E+02
 35400  0.839003E+02  0.656341E+02
 35500  0.828826E+02  0.637605E+02
 35600  0.886900E+02  0.656057E+02
 35700  0.102336E+03  0.644753E+02
 35800  0.924083E+02  0.506233E+02
 35900  0.791474E+02  0.617081E+02
 36000  0.854559E+02  0.522084E+02
 36100  0.831390E+02  0.653305E+02
 36200  0.103206E+03  0.591762E+02
 36300  0.874073E+02  0.546218E+02
 36400  0.100586E+03  0.641419E+02
 36500  0.104438E+03  0.621760E+02
 36600  0.907870E+02  0.693781E+02
 36700  0.931964E+02  0.620899E+02
 36800  0.834844E+02  0.612084E+02
 36900  0.932538E+02  0.500515E+02
 37000  0.914342E+02  0.634513E+02
 37100  0.100496E+03  0.614823E+02
 37200  0.992683E+02  0.586408E+02
 37300  0.101479E+03  0.589850E+02
 37400  0.965642E+02  0.598467E+02
 37500  0.980583E+02  0.635947E+02
 37600  0.918954E+02  0.602410E+02
 37700  0.924820E+02  0.663185E+02
 37800  0.765056E+02  0.720300E+02
 37900  0.933797E+02  0.682223E+02
 38000  0.914934E+02  0.660690E+02
 38100  0.946270E+02  0.655647E+02
 38200  0.933721E+02  0.562022E+02
 38300  0.857748E+02  0.552399E+02
 38400  0.708945E+02  0.619688E+02
 38500  0.810988E+02  0.680171E+02
 38600  0.984727E+02  0.683246E+02
 38700  0.932904E+02  0.666433E+02
 38800  0.928382E+02  0.583783E+02
 38900  0.971170E+02  0.594442E+02
 39000  0.962429E+02  0.570578E+02
 39100  0.783205E+02  0.628191E+02
 39200  0.102429E+03  0.634290E+02
 39300  0.911037E+02  0.655104E+02
 39400  0.876139E+02  0.656790E+02
 39500  0.966340E+02  0.671042E+02
 39600  0.879768E+02  0.576305E+02
 39700  0.876339E+02  0.568423E+02
 39800  0.857907E+02  0.561160E+02
 39900  0.841500E+02  0.616965E+02
 40000  0.890392E+02  0.681900E+02
 40100  0.914717E+02  0.654717E+02
 40200  0.907300E+02  0.645645E+02
 40300  0.106727E+03  0.584476E+02
 40400  0.932271E+02  0.658621E+02
 40500  0.971207E+02  0.516661E+02
 40600  0.986182E+02  0.570217E+02
 40700  0.929370E+02  0.505813E+02
 40800  0.992411E+02  0.441899E+02
 40900  0.852925E+02  0.663580E+02
 41000  0.882102E+02  0.558650E+02
 41100  0.890128E+02  0.593562E+02
 41200  0.845748E+02  0.672575E+02
 41300  0.929413E+02  0.659477E+02
 41400  0.985081E+02  0.606872E+02
 41500  0.917941E+02  0.612483E+02
 41600  0.875192E+02  0.638113E+02
 41700  0.921109E+02  0.650930E+02
 41800  0.110500E+03  0.750169E+02
 41900  0.926913E+02  0.649391E+02
 42000  0.825263E+02  0.554874E+02
 42100  0.896902E+02  0.606659E+02
 42200  0.927828E+02  0.589167E+02
 42300  0.837067E+02  0.626041E+02
 42400  0.923514E+02  0.621575E+02
 42500  0.982666E+02  0.616639E+02
 42600  0.994861E+02  0.674109E+02
 42700  0.981290E+02  0.721611E+02
 42800  0.940957E+02  0.652272E+02
 42900  0.861517E+02  0.674130E+02
 43000  0.942453E+02  0.684067E+02
 43100  0.852272E+02  0.577247E+02
 43200  0.891480E+02  0.552381E+02
 43300  0.875617E+02  0.549670E+02
 43400  0.896348E+02  0.674125E+02
 43500  0.990174E+02  0.625145E+02
 43600  0.998732E+02  0.726506E+02
 43700  0.102999E+03  0.588181E+02
 43800  0.984014E+02  0.721986E+02
 43900  0.936449E+02  0.611679E+02
 44000  0.105988E+03  0.537371E+02
 44100  0.837850E+02  0.705986E+02
 44200  0.843446E+02  0.682895E+02
 44300  0.831308E+02  0.540684E+02
 44400  0.775665E+02  0.532239E+02
 44500  0.841340E+02  0.623681E+02
 44600  0.883695E+02  0.589546E+02
 44700  0.895312E+02  0.665135E+02
 44800  0.986186E+02  0.546476E+02
 44900  0.100080E+03  0.569704E+02
 45000  0.854761E+02  0.586143E+02
 45100  0.881803E+02  0.554573E+02
 45200  0.109854E+03  0.651661E+02
 45300  0.992708E+02  0.607577E+02
 45400  0.853720E+02  0.618604E+02
 45500  0.863189E+02  0.712767E+02
 45600  0.101227E+03  0.464476E+02
 45700  0.874978E+02  0.621843E+02
 45800  0.903802E+02  0.697447E+02
 45900  0.997689E+02  0.646602E+02
 46000  0.914488E+02  0.684480E+02
 46100  0.942038E+02  0.664425E+02
 46200  0.945044E+02  0.560436E+02
 46300  0.890702E+02  0.536196E+02
 46400  0.881319E+02  0.631139E+02
 46500  0.863559E+02  0.632177E+02
 46600  0.947560E+02  0.527784E+02
 46700  0.924417E+02  0.664058E+02
 46800  0.878719E+02  0.674195E+02
 46900  0.103366E+03  0.565125E+02
 47000  0.112190E+03  0.600875E+02
 47100  0.921066E+02  0.668099E+02
 47200  0.931691E+02  0.655814E+02
 47300  0.848995E+02  0.715622E+02
 47400  0.878129E+02  0.565040E+02
 47500  0.983807E+02  0.526608E+02
 47600  0.971795E+02  0.563803E+02
 47700  0.969022E+02  0.626689E+02
 47800  0.918277E+02  0.598194E+02
 47900  0.988935E+02  0.649669E+02
 48000  0.899158E+02  0.698030E+02
 48100  0.900985E+02  0.606667E+02
 48200  0.916789E+02  0.529276E+02
 48300  0.958307E+02  0.683725E+02
 48400  0.967134E+02  0.639353E+02
 48500  0.875473E+02  0.594123E+02
 48600  0.838748E+02  0.582462E+02
 48700  0.936890E+02  0.619223E+02
 48800  0.922797E+02  0.612995E+02
 48900  0.830302E+02  0.566298E+02
 49000  0.814404E+02  0.638212E+02
 49100  0.837914E+02  0.632008E+02
 49200  0.915564E+02  0.652839E+02
 49300  0.925678E+02  0.544204E+02
 49400  0.826815E+02  0.572826E+02
 49500  0.100851E+03  0.596259E+02
 49600  0.842221E+02  0.612374E+02
 49700  0.867617E+02  0.553108E+02
 49800  0.823050E+02  0.619994E+02
 49900  0.902450E+02  0.657746E+02
 50000  0.973307E+02  0.540190E+02
 50100  0.843078E+02  0.613630E+02
 50200  0.938463E+02  0.645993E+02
 50300  0.972471E+02  0.686231E+02
 50400  0.952396E+02  0.556555E+02
 50500  0.940623E+02  0.587675E+02
 50600  0.997116E+02  0.573609E+02
 50700  0.966218E+02  0.628398E+02
 50800  0.941305E+02  0.559709E+02
 50900  0.849597E+02  0.631323E+02
 51000  0.912176E+02  0.614744E+02
 51100  0.847640E+02  0.602759E+02
 51200  0.820303E+02  0.657776E+02
 51300  0.858765E+02  0.597999E+02
 51400  0.826529E+02  0.607284E+02
 51500  0.103820E+03  0.508207E+02
 51600  0.105113E+03  0.652310E+02
 51700  0.908843E+02  0.648223E+02
 51800  0.850949E+02  0.524492E+02
 51900  0.969335E+02  0.587116E+02
 52000  0.941076E+02  0.521733E+02
 52100  0.952218E+02  0.577173E+02
 52200  0.864815E+02  0.620611E+02
 52300  0.101816E+03  0.689267E+02
 52400  0.104546E+03  0.639186E+02
 52500  0.987890E+02  0.514334E+02
 52600  0.915738E+02  0.658578E+02
 52700  0.937990E+02  0.706556E+02
 52800  0.986503E+02  0.546847E+02
 52900  0.997697E+02  0.631363E+02
 53000  0.970548E+02  0.633337E+02
 53100  0.951915E+02  0.561967E+02
 53200  0.914523E+02  0.501481E+02
 53300  0.785057E+02  0.547046E+02
 53400  0.909398E+02  0.516538E+02
 53500  0.900190E+02  0.659995E+02
 53600  0.899430E+02  0.595127E+02
 53700  0.971860E+02  0.664397E+02
 53800  0.101064E+03  0.597106E+02
 53900  0.981412E+02  0.693753E+02
 54000  0.823058E+02  0.596268E+02
 54100  0.936221E+02  0.597056E+02
 54200  0.894274E+02  0.592956E+02
 54300  0.842520E+02  0.637790E+02
 54400  0.972437E+02  0.562329E+02
 54500  0.101241E+03  0.588205E+02
 54600  0.916264E+02  0.581140E+02
 54700  0.103763E+03  0.662223E+02
 54800  0.890467E+02  0.711227E+02
 54900  0.885876E+02  0.639683E+02
 55000  0.903227E+02  0.529540E+02
 55100  0.813258E+02  0.593178E+02
 55200  0.990001E+02  0.562856E+02
 55300  0.969775E+02  0.537866E+02
 55400  0.979966E+02  0.641018E+02
 55500  0.919249E+02  0.582582E+02
 55600  0.894933E+02  0.609278E+02
 55700  0.919671E+02  0.644373E+02
 55800  0.950320E+02  0.654548E+02
 55900  0.935071E+02  0.658225E+02
 56000  0.910159E+02  0.668260E+02
 56100  0.866700E+02  0.566480E+02
 56200  0.802499E+02  0.619815E+02
 56300  0.984939E+02  0.629896E+02
 56400  0.913116E+02  0.524983E+02
 56500  0.991993E+02  0.599693E+02
 56600  0.962559E+02  0.569840E+02
 56700  0.967821E+02  0.628516E+02
 56800  0.920904E+02  0.657297E+02
 56900  0.922121E+02  0.729921E+02
 57000  0.879682E+02  0.632843E+02
 57100  0.961211E+02  0.577416E+02
 57200  0.104106E+03  0.567999E+02
 57300  0.968340E+02  0.587897E+02
 57400  0.958878E+02  0.559901E+02
 57500  0.932281E+02  0.512554E+02
 57600  0.962159E+02  0.612304E+02
 57700  0.925443E+02  0.623099E+02
 57800  0.882238E+02  0.634576E+02
 57900  0.100397E+03  0.646903E+02
 58000  0.936586E+02  0.567166E+02
 58100  0.923790E+02  0.481556E+02
 58200  0.906381E+02  0.637906E+02
 58300  0.957089E+02  0.584097E+02
 58400  0.942868E+02  0.687311E+02
 58500  0.101369E+03  0.558387E+02
 58600  0.880518E+02  0.490811E+02
 58700  0.887678E+02  0.668605E+02
 58800  0.100205E+03  0.580538E+02
 58900  0.959035E+02  0.623365E+02
 59000  0.947864E+02  0.609263E+02
 59100  0.936254E+02  0.641334E+02
 59200  0.932103E+02  0.566581E+02
 59300  0.863423E+02  0.626116E+02
 59400  0.103087E+03  0.623302E+02
 59500  0.970148E+02  0.651092E+02
 59600  0.103959E+03  0.539187E+02
 59700  0.875114E+02  0.699897E+02
 59800  0.862501E+02  0.572007E+02
 59900  0.933329E+02  0.591681E+02
 60000  0.970300E+02  0.614530E+02
 60100  0.933203E+02  0.585654E+02
 60200  0.945179E+02  0.646435E+02
 60300  0.830676E+02  0.609830E+02
 60400  0.949599E+02  0.524488E+02
 60500  0.856186E+02  0.628050E+02
 60600  0.784255E+02  0.670592E+02
 60700  0.841550E+02  0.560821E+02
 60800  0.890767E+02  0.649614E+02
 60900  0.944083E+02  0.639551E+02
 61000  0.938595E+02  0.627691E+02
 61100  0.751004E+02  0.703791E+02
 61200  0.862227E+02  0.619847E+02
 61300  0.947516E+02  0.635958E+02
 61400  0.942148E+02  0.623326E+02
 61500  0.100432E+03  0.554789E+02
 61600  0.869875E+02  0.558552E+02
 61700  0.838273E+02  0.644871E+02
 61800  0.992723E+02  0.675637E+02
 61900  0.943503E+02  0.700484E+02
 62000  0.993314E+02  0.577218E+02
 62100  0.817350E+02  0.589949E+02
 62200  0.858530E+02  0.702169E+02
 62300  0.970385E+02  0.651221E+02
 62400  0.948696E+02  0.670829E+02
 62500  0.101165E+03  0.629831E+02
 62600  0.899626E+02  0.642407E+02
 62700  0.892798E+02  0.586303E+02
 62800  0.832083E+02  0.606851E+02
 62900  0.899936E+02  0.711159E+02
 63000  0.939777E+02  0.599951E+02
 63100  0.958565E+02  0.496121E+02
 63200  0.953999E+02  0.544972E+02
 63300  0.778339E+02  0.575555E+02
 63400  0.914556E+02  0.494229E+02
 63500  0.913678E+02  0.612288E+02
 63600  0.842082E+02  0.591199E+02
 63700  0.813692E+02  0.516873E+02
 63800  0.953204E+02  0.658108E+02
 63900  0.946966E+02  0.587303E+02
 64000  0.106365E+03  0.628110E+02
 64100  0.960083E+02  0.611146E+02
 64200  0.982938E+02  0.769278E+02
 64300  0.862490E+02  0.765360E+02
 64400  0.954930E+02  0.502741E+02
 64500  0.859434E+02  0.715258E+02
 64600  0.907391E+02  0.672768E+02
 64700  0.907122E+02  0.605862E+02
 64800  0.983823E+02  0.572387E+02
 64900  0.880124E+02  0.606602E+02
 65000  0.847298E+02  0.579999E+02
 65100  0.896833E+02  0.519475E+02
 65200  0.852384E+02  0.588026E+02
 65300  0.855385E+02  0.671187E+02
 65400  0.950579E+02  0.665455E+02
 65500  0.891524E+02  0.688858E+02
 65600  0.960834E+02  0.664613E+02
 65700  0.879107E+02  0.564089E+02
 65800  0.104127E+03  0.582486E+02
 65900  0.997855E+02  0.533150E+02
 66000  0.882011E+02  0.660342E+02
 66100  0.926462E+02  0.589686E+02
 66200  0.912537E+02  0.604183E+02
 66300  0.962305E+02  0.553970E+02
 66400  0.909656E+02  0.725308E+02
 66500  0.105880E+03  0.592938E+02
 66600  0.872106E+02  0.628592E+02
 66700  0.908853E+02  0.608664E+02
 66800  0.104853E+03  0.620461E+02
 66900  0.100343E+03  0.604686E+02
 67000  0.891793E+02  0.573241E+02
 67100  0.924939E+02  0.582773E+02
 67200  0.981759E+02  0.630098E+02
 67300  0.911845E+02  0.677176E+02
 67400  0.979231E+02  0.645819E+02
 67500  0.974389E+02  0.520028E+02
 67600  0.963685E+02  0.643801E+02
 67700  0.966008E+02  0.668823E+02
 67800  0.957464E+02  0.714469E+02
 67900  0.869272E+02  0.609811E+02
 68000  0.897559E+02  0.584745E+02
 68100  0.928935E+02  0.660342E+02
 68200  0.920225E+02  0.600492E+02
 68300  0.891503E+02  0.584091E+02
 68400  0.811983E+02  0.835457E+02
 68500  0.912246E+02  0.589763E+02
 68600  0.918608E+02  0.679135E+02
 68700  0.109935E+03  0.561204E+02
 68800  0.954838E+02  0.593998E+02
 68900  0.967824E+02  0.659934E+02
 69000  0.993796E+02  0.682502E+02
 69100  0.944926E+02  0.576597E+02
 69200  0.933910E+02  0.622725E+02
 69300  0.863034E+02  0.631886E+02
 69400  0.903525E+02  0.543202E+02
 69500  0.987507E+02  0.617432E+02
 69600  0.854000E+02  0.566549E+02
 69700  0.106749E+03  0.637232E+02
 69800  0.920416E+02  0.645941E+02
 69900  0.979627E+02  0.530657E+02
 70000  0.867780E+02  0.706834E+02
 70100  0.870654E+02  0.717452E+02
 70200  0.822768E+02  0.721709E+02
 70300  0.101358E+03  0.660302E+02
 70400  0.943502E+02  0.635773E+02
 70500  0.978428E+02  0.663382E+02
 70600  0.932774E+02  0.618474E+02
 70700  0.884980E+02  0.649015E+02
 70800  0.102630E+03  0.526752E+02
 70900  0.876332E+02  0.617672E+02
 71000  0.870602E+02  0.641044E+02
 71100  0.873239E+02  0.692184E+02
 71200  0.823006E+02  0.543669E+02
 71300  0.881217E+02  0.615467E+02
 71400  0.848204E+02  0.626261E+02
 71500  0.982211E+02  0.550853E+02
 71600  0.101683E+03  0.582196E+02
 71700  0.918933E+02  0.551884E+02
 71800  0.910187E+02  0.668024E+02
 71900  0.953092E+02  0.658011E+02
 72000  0.911306E+02  0.658077E+02
 72100  0.878871E+02  0.594276E+02
 72200  0.104602E+03  0.459547E+02
 72300  0.928095E+02  0.465881E+02
 72400  0.853098E+02  0.531734E+02
 72500  0.892144E+02  0.757746E+02
 72600  0.833305E+02  0.584392E+02
 72700  0.867793E+02  0.624143E+02
 72800  0.886044E+02  0.572397E+02
 72900  0.107096E+03  0.575721E+02
 73000  0.781179E+02  0.671650E+02
 73100  0.855766E+02  0.637309E+02
 73200  0.906250E+02  0.618242E+02
 73300  0.833985E+02  0.607490E+02
 73400  0.752225E+02  0.681528E+02
 73500  0.812635E+02  0.690180E+02
 73600  0.865079E+02  0.757842E+02
 73700  0.974507E+02  0.652012E+02
 73800  0.977275E+02  0.552045E+02
 73900  0.881546E+02  0.689050E+02
 74000  0.980516E+02  0.553766E+02
 74100  0.918634E+02  0.759188E+02
 74200  0.852521E+02  0.759574E+02
 74300  0.957500E+02  0.580236E+02
 74400  0.101852E+03  0.541630E+02
 74500  0.908602E+02  0.667337E+02
 74600  0.907957E+02  0.580785E+02
 74700  0.785639E+02  0.740089E+02
 74800  0.957149E+02  0.649539E+02
 74900  0.866044E+02  0.680767E+02
 75000  0.939014E+02  0.587887E+02
 75100  0.925108E+02  0.654846E+02
 75200  0.954547E+02  0.497678E+02
 75300  0.105705E+03  0.503282E+02
 75400  0.850122E+02  0.713624E+02
 75500  0.895619E+02  0.739989E+02
 75600  0.959322E+02  0.608990E+02
 75700  0.754557E+02  0.612424E+02
 75800  0.810241E+02  0.606204E+02
 75900  0.823869E+02  0.558390E+02
 76000  0.862122E+02  0.576597E+02
 76100  0.867318E+02  0.632148E+02
 76200  0.964524E+02  0.590300E+02
 76300  0.967820E+02  0.609100E+02
 76400  0.904002E+02  0.617015E+02
 76500  0.101155E+03  0.647212E+02
 76600  0.896077E+02  0.582903E+02
 76700  0.917195E+02  0.637425E+02
 76800  0.890528E+02  0.621398E+02
 76900  0.922323E+02  0.596176E+02
 77000  0.963003E+02  0.732081E+02
 77100  0.847945E+02  0.751672E+02
 77200  0.869437E+02  0.709917E+02
 77300  0.100736E+03  0.616677E+02
 77400  0.915476E+02  0.707206E+02
 77500  0.841562E+02  0.631493E+02
 77600  0.803927E+02  0.629395E+02
 77700  0.917673E+02  0.521158E+02
 77800  0.941951E+02  0.665101E+02
 77900  0.100515E+03  0.656616E+02
 78000  0.948148E+02  0.703849E+02
 78100  0.956222E+02  0.594052E+02
 78200  0.910655E+02  0.645567E+02
 78300  0.812833E+02  0.668058E+02
 78400  0.865683E+02  0.637654E+02
 78500  0.861094E+02  0.711285E+02
 78600  0.936323E+02  0.597140E+02
 78700  0.908626E+02  0.606552E+02
 78800  0.972495E+02  0.607817E+02
 78900  0.831521E+02  0.791937E+02
 79000  0.103658E+03  0.682284E+02
 79100  0.102425E+03  0.719330E+02
 79200  0.102199E+03  0.623196E+02
 79300  0.963597E+02  0.685547E+02
 79400  0.964761E+02  0.586537E+02
 79500  0.953755E+02  0.615980E+02
 79600  0.960124E+02  0.623685E+02
 79700  0.982540E+02  0.461871E+02
 79800  0.888976E+02  0.557881E+02
 79900  0.937089E+02  0.500467E+02
 80000  0.875970E+02  0.580893E+02
 80100  0.970476E+02  0.556260E+02
 80200  0.851629E+02  0.659043E+02
 80300  0.949802E+02  0.484178E+02
 80400  0.984850E+02  0.631459E+02
 80500  0.932438E+02  0.681582E+02
 80600  0.998548E+02  0.587081E+02
 80700  0.101836E+03  0.558750E+02
 80800  0.828172E+02  0.565550E+02
 80900  0.778643E+02  0.552083E+02
 81000  0.892392E+02  0.523070E+02
 81100  0.833198E+02  0.498054E+02
 81200  0.908414E+02  0.619510E+02
 81300  0.830241E+02  0.624102E+02
 81400  0.893739E+02  0.549314E+02
 81500  0.793094E+02  0.657645E+02
 81600  0.866518E+02  0.613406E+02
 81700  0.107889E+03  0.641622E+02
 81800  0.914052E+02  0.625475E+02
 81900  0.917787E+02  0.633975E+02
 82000  0.930579E+02  0.584505E+02
 82100  0.102916E+03  0.546270E+02
 82200  0.102899E+03  0.559377E+02
 82300  0.899367E+02  0.595954E+02
 82400  0.945096E+02  0.626428E+02
 82500  0.991292E+02  0.599363E+02
 82600  0.839044E+02  0.668540E+02
 82700  0.917807E+02  0.681841E+02
 82800  0.107707E+03  0.661130E+02
 82900  0.113129E+03  0.682197E+02
 83000  0.102585E+03  0.672721E+02
 83100  0.101944E+03  0.541896E+02
 83200  0.922094E+02  0.636676E+02
 83300  0.882917E+02  0.639680E+02
 83400  0.923286E+02  0.529198E+02
 83500  0.876092E+02  0.587116E+02
 83600  0.982532E+02  0.598471E+02
 83700  0.906727E+02  0.570591E+02
 83800  0.846877E+02  0.532865E+02
 83900  0.932969E+02  0.593446E+02
 84000  0.936302E+02  0.670500E+02
 84100  0.980249E+02  0.669969E+02
 84200  0.826731E+02  0.595000E+02
 84300  0.803595E+02  0.687865E+02
 84400  0.920461E+02  0.582551E+02
 84500  0.902810E+02  0.603905E+02
 84600  0.974694E+02  0.637691E+02
 84700  0.972662E+02  0.629015E+02
 84800  0.101849E+03  0.582581E+02
 84900  0.928188E+02  0.621620E+02
 85000  0.101575E+03  0.605429E+02
 85100  0.925065E+02  0.553424E+02
 85200  0.812502E+02  0.599840E+02
 85300  0.961010E+02  0.638928E+02
 85400  0.101634E+03  0.574455E+02
 85500  0.798203E+02  0.614111E+02
 85600  0.892947E+02  0.608194E+02
 85700  0.907124E+02  0.607217E+02
 85800  0.919747E+02  0.633086E+02
 85900  0.941230E+02  0.555622E+02
 86000  0.805030E+02  0.653312E+02
 86100  0.841998E+02  0.604482E+02
 86200  0.966025E+02  0.591202E+02
 86300  0.952692E+02  0.510612E+02
 86400  0.973782E+02  0.531182E+02
 86500  0.889888E+02  0.577889E+02
 86600  0.937323E+02  0.631343E+02
 86700  0.923283E+02  0.763652E+02
 86800  0.866016E+02  0.768140E+02
 86900  0.973693E+02  0.693793E+02
 87000  0.883464E+02  0.722104E+02
 87100  0.901392E+02  0.642979E+02
 87200  0.871719E+02  0.614449E+02
 87300  0.800025E+02  0.581205E+02
 87400  0.856052E+02  0.667065E+02
 87500  0.915571E+02  0.663265E+02
 87600  0.883110E+02  0.662485E+02
 87700  0.929209E+02  0.530315E+02
 87800  0.927256E+02  0.588225E+02
 87900  0.931823E+02  0.555242E+02
 88000  0.902915E+02  0.750784E+02
 88100  0.869268E+02  0.530404E+02
 88200  0.922842E+02  0.680150E+02
 88300  0.886208E+02  0.591744E+02
 88400  0.913443E+02  0.608581E+02
 88500  0.848700E+02  0.638051E+02
 88600  0.927504E+02  0.639816E+02
 88700  0.792096E+02  0.696917E+02
 88800  0.949197E+02  0.599490E+02
 88900  0.799189E+02  0.713445E+02
 89000  0.102033E+03  0.599993E+02
 89100  0.916627E+02  0.600701E+02
 89200  0.893709E+02  0.614761E+02
 89300  0.778720E+02  0.672024E+02
 89400  0.986709E+02  0.634610E+02
 89500  0.978515E+02  0.549452E+02
 89600  0.109874E+03  0.566734E+02
 89700  0.103283E+03  0.591056E+02
 89800  0.105412E+03  0.523727E+02
 89900  0.900835E+02  0.605064E+02
 90000  0.778638E+02  0.725812E+02
 90100  0.924421E+02  0.623407E+02
 90200  0.923737E+02  0.609445E+02
 90300  0.815135E+02  0.548276E+02
 90400  0.853598E+02  0.653643E+02
 90500  0.110931E+03  0.610014E+02
 90600  0.958260E+02  0.697213E+02
 90700  0.100604E+03  0.562148E+02
 90800  0.973118E+02  0.650922E+02
 90900  0.927535E+02  0.669052E+02
 91000  0.684748E+02  0.663479E+02
 91100  0.805601E+02  0.640387E+02
 91200  0.938878E+02  0.598817E+02
 91300  0.946861E+02  0.553458E+02
 91400  0.983666E+02  0.606674E+02
 91500  0.912177E+02  0.614566E+02
 91600  0.961346E+02  0.543962E+02
 91700  0.935978E+02  0.594524E+02
 91800  0.990143E+02  0.550661E+02
 91900  0.913325E+02  0.697186E+02
 92000  0.926007E+02  0.586057E+02
 92100  0.978635E+02  0.535772E+02
 92200  0.837182E+02  0.616312E+02
 92300  0.959748E+02  0.587089E+02
 92400  0.898603E+02  0.558795E+02
 92500  0.101217E+03  0.540576E+02
 92600  0.965093E+02  0.590983E+02
 92700  0.833446E+02  0.582572E+02
 92800  0.855768E+02  0.543999E+02
 92900  0.883826E+02  0.663268E+02
 93000  0.869431E+02  0.546372E+02
 93100  0.877431E+02  0.588418E+02
 93200  0.928153E+02  0.678877E+02
 93300  0.893941E+02  0.665489E+02
 93400  0.917609E+02  0.658659E+02
 93500  0.858239E+02  0.590712E+02
 93600  0.875362E+02  0.591165E+02
 93700  0.794859E+02  0.608651E+02
 93800  0.936984E+02  0.600046E+02
 93900  0.970856E+02  0.680729E+02
 94000  0.860256E+02  0.545293E+02
 94100  0.887078E+02  0.650074E+02
 94200  0.916605E+02  0.553826E+02
 94300  0.967778E+02  0.666312E+02
 94400  0.971309E+02  0.734383E+02
 94500  0.926093E+02  0.525285E+02
 94600  0.101074E+03  0.567026E+02
 94700  0.986073E+02  0.611063E+02
 94800  0.108285E+03  0.749467E+02
 94900  0.977448E+02  0.781033E+02
 95000  0.930969E+02  0.637639E+02
 95100  0.998078E+02  0.558562E+02
 95200  0.106143E+03  0.558231E+02
 95300  0.874798E+02  0.720740E+02
 95400  0.953487E+02  0.631931E+02
 95500  0.938270E+02  0.587997E+02
 95600  0.943830E+02  0.603499E+02
 95700  0.882393E+02  0.644979E+02
 95800  0.850998E+02  0.693215E+02
 95900  0.891309E+02  0.578940E+02
 96000  0.785501E+02  0.511968E+02
 96100  0.850222E+02  0.636219E+02
 96200  0.100023E+03  0.552288E+02
 96300  0.970982E+02  0.531172E+02
 96400  0.870797E+02  0.672137E+02
 96500  0.102560E+03  0.477800E+02
 96600  0.950299E+02  0.545483E+02
 96700  0.964173E+02  0.483547E+02
 96800  0.104270E+03  0.624671E+02
 96900  0.998155E+02  0.635951E+02
 97000  0.910158E+02  0.633990E+02
 97100  0.108506E+03  0.569761E+02
 97200  0.903931E+02  0.661544E+02
 97300  0.892228E+02  0.687189E+02
 97400  0.101124E+03  0.496202E+02
 97500  0.967621E+02  0.595039E+02
 97600  0.102244E+03  0.567879E+02
 97700  0.985090E+02  0.602357E+02
 97800  0.103529E+03  0.640638E+02
 97900  0.103992E+03  0.617790E+02
 98000  0.951901E+02  0.665250E+02
 98100  0.968102E+02  0.708637E+02
 98200  0.852750E+02  0.668186E+02
 98300  0.113733E+03  0.603358E+02
 98400  0.933261E+02  0.617748E+02
 98500  0.100394E+03  0.569048E+02
 98600  0.823414E+02  0.658134E+02
 98700  0.894849E+02  0.595393E+02
 98800  0.937697E+02  0.631002E+02
 98900  0.927688E+02  0.615494E+02
 99000  0.109207E+03  0.614054E+02
 99100  0.914343E+02  0.590589E+02
 99200  0.905931E+02  0.620808E+02
 99300  0.927708E+02  0.759951E+02
 99400  0.952990E+02  0.667934E+02
 99500  0.957629E+02  0.590652E+02
 99600  0.970989E+02  0.563358E+02
 99700  0.918302E+02  0.644247E+02
 99800  0.949871E+02  0.572260E+02
 99900  0.965858E+02  0.545939E+02
100000  0.858612E+02  0.593202E+02
