 -0.1200000E+01  0.5113068E+00
 -0.1190000E+01  0.5346200E+00
 -0.1180000E+01  0.5579333E+00
 -0.1170000E+01  0.5812464E+00
 -0.1160000E+01  0.6045599E+00
 -0.1150000E+01  0.6278732E+00
 -0.1140000E+01  0.6511865E+00
 -0.1130000E+01  0.6744998E+00
 -0.1120000E+01  0.6978128E+00
 -0.1110000E+01  0.7211261E+00
 -0.1100000E+01  0.7444396E+00
 -0.1090000E+01  0.7677526E+00
 -0.1080000E+01  0.7910664E+00
 -0.1070000E+01  0.8143795E+00
 -0.1060000E+01  0.8376929E+00
 -0.1050000E+01  0.8610060E+00
 -0.1040000E+01  0.8843197E+00
 -0.1030000E+01  0.9076327E+00
 -0.1020000E+01  0.9309459E+00
 -0.1010000E+01  0.9542593E+00
 -0.1000000E+01  0.9775724E+00
 -0.9899999E+00  0.1000886E+01
 -0.9800000E+00  0.1024199E+01
 -0.9700000E+00  0.1047513E+01
 -0.9600000E+00  0.1070826E+01
 -0.9500000E+00  0.1094139E+01
 -0.9400000E+00  0.1117452E+01
 -0.9300000E+00  0.1140766E+01
 -0.9200000E+00  0.1164079E+01
 -0.9100000E+00  0.1187392E+01
 -0.9000000E+00  0.1210706E+01
 -0.8900000E+00  0.1234019E+01
 -0.8800000E+00  0.1257332E+01
 -0.8700000E+00  0.1280645E+01
 -0.8600000E+00  0.1303959E+01
 -0.8500000E+00  0.1327272E+01
 -0.8400000E+00  0.1350585E+01
 -0.8300000E+00  0.1373899E+01
 -0.8200000E+00  0.1397212E+01
 -0.8100000E+00  0.1420525E+01
 -0.8000000E+00  0.1443839E+01
 -0.7900000E+00  0.1467152E+01
 -0.7800000E+00  0.1490465E+01
 -0.7700000E+00  0.1513778E+01
 -0.7600000E+00  0.1542545E+01
 -0.7500000E+00  0.1574880E+01
 -0.7400000E+00  0.1607214E+01
 -0.7300000E+00  0.1639550E+01
 -0.7200000E+00  0.1671885E+01
 -0.7100000E+00  0.1704219E+01
 -0.7000000E+00  0.1736554E+01
 -0.6900000E+00  0.1768889E+01
 -0.6800000E+00  0.1801224E+01
 -0.6700000E+00  0.1833559E+01
 -0.6600000E+00  0.1865894E+01
 -0.6500000E+00  0.1898229E+01
 -0.6400000E+00  0.1930564E+01
 -0.6300000E+00  0.1962899E+01
 -0.6200000E+00  0.1995234E+01
 -0.6100000E+00  0.2027569E+01
 -0.6000000E+00  0.2059904E+01
 -0.5900000E+00  0.2092239E+01
 -0.5800000E+00  0.2124574E+01
 -0.5700000E+00  0.2156909E+01
 -0.5600000E+00  0.2189243E+01
 -0.5500000E+00  0.2221578E+01
 -0.5400000E+00  0.2253913E+01
 -0.5300000E+00  0.2286248E+01
 -0.5200000E+00  0.2318583E+01
 -0.5100000E+00  0.2350918E+01
 -0.5000000E+00  0.2383253E+01
 -0.4900000E+00  0.2415588E+01
 -0.4800000E+00  0.2447923E+01
 -0.4700000E+00  0.2480258E+01
 -0.4600000E+00  0.2512593E+01
 -0.4500000E+00  0.2544928E+01
 -0.4400000E+00  0.2577263E+01
 -0.4300000E+00  0.2609598E+01
 -0.4200000E+00  0.2641933E+01
 -0.4100000E+00  0.2674268E+01
 -0.4000000E+00  0.2706603E+01
 -0.3900000E+00  0.2738938E+01
 -0.3800000E+00  0.2771273E+01
 -0.3700000E+00  0.2803607E+01
 -0.3600000E+00  0.2835943E+01
 -0.3500000E+00  0.2868277E+01
 -0.3400000E+00  0.2900612E+01
 -0.3300000E+00  0.2932947E+01
 -0.3200000E+00  0.2965282E+01
 -0.3100000E+00  0.2997617E+01
 -0.3000000E+00  0.3029952E+01
 -0.2900000E+00  0.3062287E+01
 -0.2800000E+00  0.3094622E+01
 -0.2700000E+00  0.3126957E+01
 -0.2600000E+00  0.3159292E+01
 -0.2500000E+00  0.3191627E+01
 -0.2400000E+00  0.3223962E+01
 -0.2300000E+00  0.3256297E+01
 -0.2200000E+00  0.3288632E+01
 -0.2100000E+00  0.3320966E+01
 -0.2000000E+00  0.3353301E+01
 -0.1900000E+00  0.3385636E+01
 -0.1800000E+00  0.3417971E+01
 -0.1700000E+00  0.3450306E+01
 -0.1600000E+00  0.3482641E+01
 -0.1500000E+00  0.3514976E+01
 -0.1400000E+00  0.3547311E+01
 -0.1300000E+00  0.3579646E+01
 -0.1200000E+00  0.3611981E+01
 -0.1100000E+00  0.3644316E+01
 -0.9999999E-01  0.3676651E+01
 -0.9000000E-01  0.3708986E+01
 -0.8000000E-01  0.3741321E+01
 -0.7000000E-01  0.3773656E+01
 -0.6000000E-01  0.3805990E+01
 -0.5000000E-01  0.3838326E+01
 -0.4000000E-01  0.3870660E+01
 -0.3000000E-01  0.3902996E+01
 -0.2000000E-01  0.3935331E+01
 -0.1000000E-01  0.3967665E+01
  0.0000000E+00  0.4000000E+01
  0.1000000E-01  0.4042578E+01
  0.2000000E-01  0.4085156E+01
  0.3000000E-01  0.4127734E+01
  0.4000000E-01  0.4170313E+01
  0.5000000E-01  0.4212891E+01
  0.6000000E-01  0.4255468E+01
  0.7000000E-01  0.4298047E+01
  0.8000000E-01  0.4340625E+01
  0.9000000E-01  0.4383203E+01
  0.9999999E-01  0.4425780E+01
  0.1100000E+00  0.4468358E+01
  0.1200000E+00  0.4510937E+01
  0.1300000E+00  0.4553514E+01
  0.1400000E+00  0.4596092E+01
  0.1500000E+00  0.4638670E+01
  0.1600000E+00  0.4681249E+01
  0.1700000E+00  0.4723826E+01
  0.1800000E+00  0.4766405E+01
  0.1900000E+00  0.4808983E+01
  0.2000000E+00  0.4851560E+01
  0.2100000E+00  0.4894138E+01
  0.2200000E+00  0.4936716E+01
  0.2300000E+00  0.4979295E+01
  0.2400000E+00  0.5021873E+01
  0.2500000E+00  0.5064450E+01
  0.2600000E+00  0.5107711E+01
  0.2700000E+00  0.5156065E+01
  0.2800000E+00  0.5204420E+01
  0.2900000E+00  0.5252775E+01
  0.3000000E+00  0.5301130E+01
  0.3100000E+00  0.5349484E+01
  0.3200000E+00  0.5397839E+01
  0.3300000E+00  0.5446193E+01
  0.3400000E+00  0.5494548E+01
  0.3500000E+00  0.5542903E+01
  0.3600000E+00  0.5591258E+01
  0.3700000E+00  0.5639612E+01
  0.3800000E+00  0.5687967E+01
  0.3900000E+00  0.5736321E+01
  0.4000000E+00  0.5784677E+01
  0.4100000E+00  0.5833031E+01
  0.4200000E+00  0.5881386E+01
  0.4300000E+00  0.5929740E+01
  0.4400000E+00  0.5978095E+01
  0.4500000E+00  0.6026450E+01
  0.4600000E+00  0.6074804E+01
  0.4700000E+00  0.6123159E+01
  0.4800000E+00  0.6171514E+01
  0.4900000E+00  0.6219869E+01
  0.5000000E+00  0.6268223E+01
  0.5100000E+00  0.6316578E+01
  0.5200000E+00  0.6364933E+01
  0.5300000E+00  0.6413287E+01
  0.5400000E+00  0.6461642E+01
  0.5500000E+00  0.6509997E+01
  0.5600000E+00  0.6558352E+01
  0.5700000E+00  0.6606706E+01
  0.5800000E+00  0.6658632E+01
  0.5900000E+00  0.6712546E+01
  0.6000000E+00  0.6766460E+01
  0.6100000E+00  0.6820375E+01
  0.6200000E+00  0.6874289E+01
  0.6300000E+00  0.6928203E+01
  0.6400000E+00  0.6982117E+01
  0.6500000E+00  0.7036031E+01
  0.6600000E+00  0.7089945E+01
  0.6700000E+00  0.7143859E+01
  0.6800000E+00  0.7197773E+01
  0.6900000E+00  0.7251688E+01
  0.7000000E+00  0.7305602E+01
  0.7100000E+00  0.7359516E+01
  0.7200000E+00  0.7413430E+01
  0.7300000E+00  0.7467344E+01
  0.7400000E+00  0.7521258E+01
  0.7500000E+00  0.7575172E+01
  0.7600000E+00  0.7629086E+01
  0.7700000E+00  0.7683001E+01
  0.7800000E+00  0.7736915E+01
  0.7900000E+00  0.7790829E+01
  0.8000000E+00  0.7844743E+01
  0.8100000E+00  0.7898658E+01
  0.8200000E+00  0.7952855E+01
  0.8300000E+00  0.8010109E+01
  0.8400000E+00  0.8067362E+01
  0.8500000E+00  0.8124616E+01
  0.8600000E+00  0.8181870E+01
  0.8700000E+00  0.8239124E+01
  0.8800000E+00  0.8296377E+01
  0.8900000E+00  0.8353631E+01
  0.9000000E+00  0.8410885E+01
  0.9100000E+00  0.8468139E+01
  0.9200000E+00  0.8525393E+01
  0.9300000E+00  0.8582646E+01
  0.9400000E+00  0.8639900E+01
  0.9500000E+00  0.8697154E+01
  0.9600000E+00  0.8754408E+01
  0.9700000E+00  0.8811661E+01
  0.9800000E+00  0.8868915E+01
  0.9899999E+00  0.8926168E+01
  0.1000000E+01  0.8983422E+01
  0.1010000E+01  0.9040675E+01
  0.1020000E+01  0.9097930E+01
  0.1030000E+01  0.9155184E+01
  0.1040000E+01  0.9212438E+01
  0.1050000E+01  0.9269691E+01
  0.1060000E+01  0.9326945E+01
  0.1070000E+01  0.9384201E+01
  0.1080000E+01  0.9441452E+01
  0.1090000E+01  0.9498707E+01
  0.1100000E+01  0.9555960E+01
  0.1110000E+01  0.9613214E+01
  0.1120000E+01  0.9670467E+01
  0.1130000E+01  0.9727722E+01
  0.1140000E+01  0.9784973E+01
  0.1150000E+01  0.9842228E+01
  0.1160000E+01  0.9899481E+01
  0.1170000E+01  0.9956736E+01
  0.1180000E+01  0.1001399E+02
  0.1190000E+01  0.1007124E+02
  0.1200000E+01  0.1012850E+02
